warning: unused import: `Query`
 --> src/main.rs:5:28
  |
5 |     extract::{State, Path, Query},
  |                            ^^^^^
  |
  = note: `#[warn(unused_imports)]` (part of `#[warn(unused)]`) on by default

warning: unused import: `Serialize`
 --> src/main.rs:8:26
  |
8 | use serde::{Deserialize, Serialize};
  |                          ^^^^^^^^^

warning: unused imports: `Bytes` and `keccak256`
  --> src/main.rs:13:33
   |
13 |     primitives::{Address, U256, Bytes, FixedBytes, keccak256},
   |                                 ^^^^^              ^^^^^^^^^

warning: constant `USDC_ADDRESS` is never used
  --> src/main.rs:29:7
   |
29 | const USDC_ADDRESS: &str = "0x036CbD53842c5426634e7929541eC2...
   |       ^^^^^^^^^^^^
   |
   = note: `#[warn(dead_code)]` (part of `#[warn(unused)]`) on by default

warning: `privatepay-backend` (bin "privatepay-backend") generated 4 warnings (run `cargo fix --bin "privatepay-backend"` to apply 3 suggestions)
    Finished `dev` profile [unoptimized + debuginfo] target(s) in 3.19s
     Running `target/debug/privatepay-backend`
🚀 PrivatePay Backend starting...
✅ Server running on http://0.0.0.0:3001
